2024-03-11 17:04:51,341 INFO Included extra file "/app/conf.d/sshd.conf" during parsing
2024-03-11 17:04:51,345 INFO Set uid to user 0 succeeded
2024-03-11 17:04:51,382 INFO supervisord started with pid 396
2024-03-11 17:04:52,387 INFO spawned: 'sshd' with pid 443
2024-03-11 17:04:53,390 INFO success: sshd entered RUNNING state, process has stayed up for > than 1 seconds (startsecs)
2024-03-12 12:37:59,551 INFO Included extra file "/app/conf.d/sshd.conf" during parsing
2024-03-12 12:37:59,553 INFO Set uid to user 0 succeeded
2024-03-12 12:37:59,559 INFO supervisord started with pid 384
2024-03-12 12:38:00,560 INFO spawned: 'sshd' with pid 434
2024-03-12 12:38:01,563 INFO success: sshd entered RUNNING state, process has stayed up for > than 1 seconds (startsecs)
2024-03-13 09:01:57,158 INFO Included extra file "/app/conf.d/sshd.conf" during parsing
2024-03-13 09:01:57,159 INFO Set uid to user 0 succeeded
2024-03-13 09:01:57,164 INFO supervisord started with pid 364
2024-03-13 09:01:58,166 INFO spawned: 'sshd' with pid 468
2024-03-13 09:01:59,170 INFO success: sshd entered RUNNING state, process has stayed up for > than 1 seconds (startsecs)
2024-03-22 09:21:02,492 INFO Included extra file "/app/conf.d/sshd.conf" during parsing
2024-03-22 09:21:02,494 INFO Set uid to user 0 succeeded
2024-03-22 09:21:02,502 INFO supervisord started with pid 375
2024-03-22 09:21:03,507 INFO spawned: 'sshd' with pid 452
2024-03-22 09:21:04,509 INFO success: sshd entered RUNNING state, process has stayed up for > than 1 seconds (startsecs)
